2011/11/22 12:53:34 Starting cygwin install, version 2.579
2011/11/22 12:53:34 io_stream_cygfile: fopen(/etc/setup/last-action) failed 2 No such file or directory
2011/11/22 12:53:34 io_stream_cygfile: fopen(/etc/setup/last-mirror) failed 2 No such file or directory
2011/11/22 12:53:34 io_stream_cygfile: fopen(/etc/setup/last-connection) failed 2 No such file or directory
2011/11/22 12:53:34 io_stream_cygfile: fopen(/etc/setup/last-cache) failed 2 No such file or directory
2011/11/22 12:53:34 Current Directory: C:\Users\rpsharp\Desktop
2011/11/22 12:53:34 Changing gid to Users
2011/11/22 12:53:34 Could not open service McShield for query, start and stop. McAfee may not be installed, or we don't have access.
2011/11/22 12:53:46 io_stream_cygfile: fopen(/etc/setup/installed.db) failed 2 No such file or directory
2011/11/22 12:53:46 source: network install
2011/11/22 12:54:06 root: Z:\local\workspace\invest-natcap.invest-3\OSGeo4W binary user
2011/11/22 12:54:08 Selected local directory: C:\Users\rpsharp\Desktop
2011/11/22 12:54:09 net: Direct
2011/11/22 12:54:09 site: http://download.osgeo.org/osgeo4w
2011/11/22 12:54:09 found older setup.ini file, proceeding anyways.
2011/11/22 12:56:52 site: http://download.osgeo.org/osgeo4w
2011/11/22 12:57:15 Downloaded C:\Users\rpsharp\Desktop/http%3a%2f%2fdownload.osgeo.org%2fosgeo4w/./release/gdal/gdal-1.8.1-1.tar.bz2
2011/11/22 12:57:16 Downloaded C:\Users\rpsharp\Desktop/http%3a%2f%2fdownload.osgeo.org%2fosgeo4w/./release/libtiff/libtiff-4.0.0dev-91.tar.bz2
2011/11/22 12:57:16 Running preremove script for  gdal
2011/11/22 12:57:16 Running preremove script for  libtiff
2011/11/22 12:57:16 Uninstalling gdal
2011/11/22 12:57:18 Uninstalling libtiff
2011/11/22 12:57:18 Extracting from file://C:\Users\rpsharp\Desktop/http%3a%2f%2fdownload.osgeo.org%2fosgeo4w/./release/gdal/gdal-1.8.1-1.tar.bz2
2011/11/22 12:57:21 Extracting from file://C:\Users\rpsharp\Desktop/http%3a%2f%2fdownload.osgeo.org%2fosgeo4w/./release/libtiff/libtiff-4.0.0dev-91.tar.bz2
2011/11/22 13:00:53 Downloaded C:\Users\rpsharp\Desktop/http%3a%2f%2fdownload.osgeo.org%2fosgeo4w/./release/avce00/avce00-2.0.0-1.tar.bz2
2011/11/22 13:00:53 Downloaded C:\Users\rpsharp\Desktop/http%3a%2f%2fdownload.osgeo.org%2fosgeo4w/./release/fftw/fftw/fftw-3.2-1.tar.bz2
2011/11/22 13:00:54 Downloaded C:\Users\rpsharp\Desktop/http%3a%2f%2fdownload.osgeo.org%2fosgeo4w/./release/freetype/freetype-mingw/freetype-mingw-2.3.7-1.tar.bz2
2011/11/22 13:00:59 Downloaded C:\Users\rpsharp\Desktop/http%3a%2f%2fdownload.osgeo.org%2fosgeo4w/./release/grass/grass/grass-6.4.2RC2-1.tar.bz2
2011/11/22 13:00:59 Downloaded C:\Users\rpsharp\Desktop/http%3a%2f%2fdownload.osgeo.org%2fosgeo4w/./release/iconv/iconv-1.9.1-1.tar.bz2
2011/11/22 13:01:00 Downloaded C:\Users\rpsharp\Desktop/http%3a%2f%2fdownload.osgeo.org%2fosgeo4w/./release/libpng/libpng/libpng-1.2.34-1.tar.bz2
2011/11/22 13:01:01 Downloaded C:\Users\rpsharp\Desktop/http%3a%2f%2fdownload.osgeo.org%2fosgeo4w/./release/msys/msys-1.0.11-3.tar.bz2
2011/11/22 13:01:01 Downloaded C:\Users\rpsharp\Desktop/http%3a%2f%2fdownload.osgeo.org%2fosgeo4w/./release/pdcurses/pdcurses/pdcurses-3.3-1.tar.bz2
2011/11/22 13:01:01 Downloaded C:\Users\rpsharp\Desktop/http%3a%2f%2fdownload.osgeo.org%2fosgeo4w/./release/python/pyopengl/pyopengl-3.0.0b8-1.tar.bz2
2011/11/22 13:01:03 Downloaded C:\Users\rpsharp\Desktop/http%3a%2f%2fdownload.osgeo.org%2fosgeo4w/./release/python/python-win32/python-win32-2.12-1.tar.bz2
2011/11/22 13:01:04 Downloaded C:\Users\rpsharp\Desktop/http%3a%2f%2fdownload.osgeo.org%2fosgeo4w/./release/tcltk/tcltk/tcltk-8.5.6-1.tar.bz2
2011/11/22 13:01:07 Downloaded C:\Users\rpsharp\Desktop/http%3a%2f%2fdownload.osgeo.org%2fosgeo4w/./release/python/wxpython/wxpython-2.8.9.1-2.tar.bz2
2011/11/22 13:01:07 Extracting from file://C:\Users\rpsharp\Desktop/http%3a%2f%2fdownload.osgeo.org%2fosgeo4w/./release/avce00/avce00-2.0.0-1.tar.bz2
2011/11/22 13:01:07 Extracting from file://C:\Users\rpsharp\Desktop/http%3a%2f%2fdownload.osgeo.org%2fosgeo4w/./release/fftw/fftw/fftw-3.2-1.tar.bz2
2011/11/22 13:01:07 Extracting from file://C:\Users\rpsharp\Desktop/http%3a%2f%2fdownload.osgeo.org%2fosgeo4w/./release/freetype/freetype-mingw/freetype-mingw-2.3.7-1.tar.bz2
2011/11/22 13:01:08 Extracting from file://C:\Users\rpsharp\Desktop/http%3a%2f%2fdownload.osgeo.org%2fosgeo4w/./release/grass/grass/grass-6.4.2RC2-1.tar.bz2
2011/11/22 13:01:52 Extracting from file://C:\Users\rpsharp\Desktop/http%3a%2f%2fdownload.osgeo.org%2fosgeo4w/./release/iconv/iconv-1.9.1-1.tar.bz2
2011/11/22 13:01:52 Extracting from file://C:\Users\rpsharp\Desktop/http%3a%2f%2fdownload.osgeo.org%2fosgeo4w/./release/libpng/libpng/libpng-1.2.34-1.tar.bz2
2011/11/22 13:01:52 Extracting from file://C:\Users\rpsharp\Desktop/http%3a%2f%2fdownload.osgeo.org%2fosgeo4w/./release/msys/msys-1.0.11-3.tar.bz2
2011/11/22 13:01:55 Extracting from file://C:\Users\rpsharp\Desktop/http%3a%2f%2fdownload.osgeo.org%2fosgeo4w/./release/pdcurses/pdcurses/pdcurses-3.3-1.tar.bz2
2011/11/22 13:01:55 Extracting from file://C:\Users\rpsharp\Desktop/http%3a%2f%2fdownload.osgeo.org%2fosgeo4w/./release/python/pyopengl/pyopengl-3.0.0b8-1.tar.bz2
2011/11/22 13:02:04 Extracting from file://C:\Users\rpsharp\Desktop/http%3a%2f%2fdownload.osgeo.org%2fosgeo4w/./release/python/python-win32/python-win32-2.12-1.tar.bz2
2011/11/22 13:02:09 Extracting from file://C:\Users\rpsharp\Desktop/http%3a%2f%2fdownload.osgeo.org%2fosgeo4w/./release/tcltk/tcltk/tcltk-8.5.6-1.tar.bz2
2011/11/22 13:02:18 Extracting from file://C:\Users\rpsharp\Desktop/http%3a%2f%2fdownload.osgeo.org%2fosgeo4w/./release/python/wxpython/wxpython-2.8.9.1-2.tar.bz2
2011/11/22 13:02:30 running: cmd.exe /c Z:\local\workspace\invest-natcap.invest-3\OSGeo4W\etc\postinstall\grass64.bat
2011/11/22 13:02:31 running: cmd.exe /c Z:\local\workspace\invest-natcap.invest-3\OSGeo4W\etc\postinstall\msys.bat
2011/11/22 13:02:58 note: Installation Complete
2011/11/22 13:02:58 Ending cygwin install
2011/11/22 14:05:06 Starting cygwin install, version 2.579
2011/11/22 14:05:06 Current Directory: C:\Users\rpsharp\Desktop
2011/11/22 14:05:06 Changing gid to Users
2011/11/22 14:05:06 Could not open service McShield for query, start and stop. McAfee may not be installed, or we don't have access.
2011/11/22 14:05:09 root: Z:\local\workspace\invest-natcap.invest-3\OSGeo4W binary user
2011/11/22 14:05:09 Selected local directory: C:\Users\rpsharp\Desktop
2011/11/22 14:05:09 net: Direct
2011/11/22 14:05:09 site: http://download.osgeo.org/osgeo4w
2011/11/22 14:05:13 source: network install
2011/11/22 14:05:16 root: Z:\local\workspace\invest-natcap.invest-3\OSGeo4W binary user
2011/11/22 14:05:18 Selected local directory: C:\Users\rpsharp\Desktop
2011/11/22 14:05:19 net: Direct
2011/11/22 14:05:19 site: http://download.osgeo.org/osgeo4w
2011/11/22 14:06:25 Ending cygwin install
